C:\USERS\RAPHMAN\DESKTOP\REST\RESTWEB\DEBUG\DLLREFERENCER.EXE
C:\USERS\RAPHMAN\DESKTOP\REST\RESTWEB\DEBUG\DLLREFERENCER.ILK
C:\USERS\RAPHMAN\DESKTOP\REST\RESTWEB\DEBUG\DLLREFERENCER.PDB
C:\USERS\RAPHMAN\DESKTOP\REST\RESTWEB\DLLREFERENCER\DEBUG\.NETFRAMEWORK,VERSION=V4.0.ASSEMBLYATTRIBUTES.OBJ
C:\Users\Raphman\Desktop\rest\RestWeb\DLLReferencer\Debug\cl.command.1.tlog
C:\Users\Raphman\Desktop\rest\RestWeb\DLLReferencer\Debug\CL.read.1.tlog
C:\Users\Raphman\Desktop\rest\RestWeb\DLLReferencer\Debug\CL.write.1.tlog
C:\USERS\RAPHMAN\DESKTOP\REST\RESTWEB\DLLREFERENCER\DEBUG\DLLREFERENCER.EXE.EMBED.MANIFEST
C:\USERS\RAPHMAN\DESKTOP\REST\RESTWEB\DLLREFERENCER\DEBUG\DLLREFERENCER.EXE.EMBED.MANIFEST.RES
C:\USERS\RAPHMAN\DESKTOP\REST\RESTWEB\DLLREFERENCER\DEBUG\DLLREFERENCER.EXE.INTERMEDIATE.MANIFEST
C:\USERS\RAPHMAN\DESKTOP\REST\RESTWEB\DLLREFERENCER\DEBUG\DLLREFERENCER.OBJ
C:\Users\Raphman\Desktop\rest\RestWeb\DLLReferencer\Debug\DLLReferencer.write.1.tlog
C:\Users\Raphman\Desktop\rest\RestWeb\DLLReferencer\Debug\DLLReferencer_manifest.rc
C:\Users\Raphman\Desktop\rest\RestWeb\DLLReferencer\Debug\link.10880.read.1.tlog
C:\Users\Raphman\Desktop\rest\RestWeb\DLLReferencer\Debug\link.10880.write.1.tlog
C:\Users\Raphman\Desktop\rest\RestWeb\DLLReferencer\Debug\link.11060.read.1.tlog
C:\Users\Raphman\Desktop\rest\RestWeb\DLLReferencer\Debug\link.11060.write.1.tlog
C:\Users\Raphman\Desktop\rest\RestWeb\DLLReferencer\Debug\link.11476.read.1.tlog
C:\Users\Raphman\Desktop\rest\RestWeb\DLLReferencer\Debug\link.11476.write.1.tlog
C:\Users\Raphman\Desktop\rest\RestWeb\DLLReferencer\Debug\link.11840.read.1.tlog
C:\Users\Raphman\Desktop\rest\RestWeb\DLLReferencer\Debug\link.11840.write.1.tlog
C:\Users\Raphman\Desktop\rest\RestWeb\DLLReferencer\Debug\link.12580.read.1.tlog
C:\Users\Raphman\Desktop\rest\RestWeb\DLLReferencer\Debug\link.12580.write.1.tlog
C:\Users\Raphman\Desktop\rest\RestWeb\DLLReferencer\Debug\link.14460.read.1.tlog
C:\Users\Raphman\Desktop\rest\RestWeb\DLLReferencer\Debug\link.14460.write.1.tlog
C:\Users\Raphman\Desktop\rest\RestWeb\DLLReferencer\Debug\link.15700.read.1.tlog
C:\Users\Raphman\Desktop\rest\RestWeb\DLLReferencer\Debug\link.15700.write.1.tlog
C:\Users\Raphman\Desktop\rest\RestWeb\DLLReferencer\Debug\link.15700-cvtres.read.1.tlog
C:\Users\Raphman\Desktop\rest\RestWeb\DLLReferencer\Debug\link.15700-cvtres.write.1.tlog
C:\Users\Raphman\Desktop\rest\RestWeb\DLLReferencer\Debug\link.15812.read.1.tlog
C:\Users\Raphman\Desktop\rest\RestWeb\DLLReferencer\Debug\link.15812.write.1.tlog
C:\Users\Raphman\Desktop\rest\RestWeb\DLLReferencer\Debug\link.16776.read.1.tlog
C:\Users\Raphman\Desktop\rest\RestWeb\DLLReferencer\Debug\link.16776.write.1.tlog
C:\Users\Raphman\Desktop\rest\RestWeb\DLLReferencer\Debug\link.17380.read.1.tlog
C:\Users\Raphman\Desktop\rest\RestWeb\DLLReferencer\Debug\link.17380.write.1.tlog
C:\Users\Raphman\Desktop\rest\RestWeb\DLLReferencer\Debug\link.18788.read.1.tlog
C:\Users\Raphman\Desktop\rest\RestWeb\DLLReferencer\Debug\link.18788.write.1.tlog
C:\Users\Raphman\Desktop\rest\RestWeb\DLLReferencer\Debug\link.19572.read.1.tlog
C:\Users\Raphman\Desktop\rest\RestWeb\DLLReferencer\Debug\link.19572.write.1.tlog
C:\Users\Raphman\Desktop\rest\RestWeb\DLLReferencer\Debug\link.20364.read.1.tlog
C:\Users\Raphman\Desktop\rest\RestWeb\DLLReferencer\Debug\link.20364.write.1.tlog
C:\Users\Raphman\Desktop\rest\RestWeb\DLLReferencer\Debug\link.5576.read.1.tlog
C:\Users\Raphman\Desktop\rest\RestWeb\DLLReferencer\Debug\link.5576.write.1.tlog
C:\Users\Raphman\Desktop\rest\RestWeb\DLLReferencer\Debug\link.7380.read.1.tlog
C:\Users\Raphman\Desktop\rest\RestWeb\DLLReferencer\Debug\link.7380.write.1.tlog
C:\Users\Raphman\Desktop\rest\RestWeb\DLLReferencer\Debug\link.7732.read.1.tlog
C:\Users\Raphman\Desktop\rest\RestWeb\DLLReferencer\Debug\link.7732.write.1.tlog
C:\Users\Raphman\Desktop\rest\RestWeb\DLLReferencer\Debug\link.8736.read.1.tlog
C:\Users\Raphman\Desktop\rest\RestWeb\DLLReferencer\Debug\link.8736.write.1.tlog
C:\Users\Raphman\Desktop\rest\RestWeb\DLLReferencer\Debug\link.9060.read.1.tlog
C:\Users\Raphman\Desktop\rest\RestWeb\DLLReferencer\Debug\link.9060.write.1.tlog
C:\Users\Raphman\Desktop\rest\RestWeb\DLLReferencer\Debug\link.9460.read.1.tlog
C:\Users\Raphman\Desktop\rest\RestWeb\DLLReferencer\Debug\link.9460.write.1.tlog
C:\Users\Raphman\Desktop\rest\RestWeb\DLLReferencer\Debug\link.command.1.tlog
C:\Users\Raphman\Desktop\rest\RestWeb\DLLReferencer\Debug\link.read.1.tlog
C:\Users\Raphman\Desktop\rest\RestWeb\DLLReferencer\Debug\link.write.1.tlog
C:\Users\Raphman\Desktop\rest\RestWeb\DLLReferencer\Debug\link-cvtres.read.1.tlog
C:\Users\Raphman\Desktop\rest\RestWeb\DLLReferencer\Debug\link-cvtres.write.1.tlog
C:\Users\Raphman\Desktop\rest\RestWeb\DLLReferencer\Debug\mt.command.1.tlog
C:\Users\Raphman\Desktop\rest\RestWeb\DLLReferencer\Debug\mt.read.1.tlog
C:\Users\Raphman\Desktop\rest\RestWeb\DLLReferencer\Debug\mt.write.1.tlog
C:\Users\Raphman\Desktop\rest\RestWeb\DLLReferencer\Debug\rc.command.1.tlog
C:\Users\Raphman\Desktop\rest\RestWeb\DLLReferencer\Debug\rc.read.1.tlog
C:\Users\Raphman\Desktop\rest\RestWeb\DLLReferencer\Debug\rc.write.1.tlog
C:\Users\Raphman\Desktop\rest\RestWeb\DLLReferencer\Debug\ResolveAssemblyReference.cache
C:\USERS\RAPHMAN\DESKTOP\REST\RESTWEB\DLLREFERENCER\DEBUG\STDAFX.OBJ
C:\Users\Raphman\Desktop\rest\RestWeb\DLLReferencer\Debug\vc100.idb
C:\USERS\RAPHMAN\DESKTOP\REST\RESTWEB\DLLREFERENCER\DEBUG\VC100.PDB
