Build started 3/29/2012 8:17:26 PM.
     1>Project "C:\Users\Raphman\Desktop\rest\RestWeb\DLLReferencer\DLLReferencer.vcxproj" on node 2 (build target(s)).
     1>InitializeBuildStatus:
         Creating "Debug\DLLReferencer.unsuccessfulbuild" because "AlwaysCreate" was specified.
       GenerateTargetFrameworkMonikerAttribute:
       Skipping target "GenerateTargetFrameworkMonikerAttribute" because all output files are up-to-date with respect to the input files.
       ClCompile:
         c:\Program Files (x86)\Microsoft Visual Studio 10.0\VC\bin\CL.exe /c /IC:\Users\Raphman\Desktop\rest\RestWeb\RestWeb /AI"C:\Program Files (x86)\Reference Assemblies\Microsoft\Framework\.NETFramework\v4.0" /Zi /clr /nologo /W3 /WX- /Od /Oy- /D WIN32 /D _DEBUG /D _CONSOLE /D _UNICODE /D UNICODE /EHa /MDd /GS /fp:precise /Zc:wchar_t /Zc:forScope /Fo"Debug\\" /Fd"Debug\vc100.pdb" /TP /FUC:\Users\Raphman\Desktop\rest\RestWeb\Debug\RestWeb.dll /FU"C:\Program Files (x86)\Reference Assemblies\Microsoft\Framework\.NETFramework\v4.0\System.Core.dll" /analyze- /errorReport:prompt DLLReferencer.cpp stdafx.cpp /clr:nostdlib 
         DLLReferencer.cpp
         stdafx.cpp
         Generating Code...
         All outputs are up-to-date.
       Link:
         c:\Program Files (x86)\Microsoft Visual Studio 10.0\VC\bin\link.exe /ERRORREPORT:PROMPT /OUT:"C:\Users\Raphman\Desktop\rest\RestWeb\Debug\DLLReferencer.exe" /INCREMENTAL /NOLOGO /LIBPATH:../Debug RestWeb.lib GLTools.lib kernel32.lib user32.lib gdi32.lib winspool.lib comdlg32.lib advapi32.lib shell32.lib ole32.lib oleaut32.lib uuid.lib odbc32.lib odbccp32.lib /MANIFEST /ManifestFile:"Debug\DLLReferencer.exe.intermediate.manifest" /MANIFESTUAC:"level='asInvoker' uiAccess='false'" /DEBUG /PDB:"C:\Users\Raphman\Desktop\rest\RestWeb\Debug\DLLReferencer.pdb" /ASSEMBLYDEBUG /SUBSYSTEM:CONSOLE /TLBID:1 /DYNAMICBASE /FIXED:NO /NXCOMPAT /MACHINE:X86 Debug\DLLReferencer.obj
         Debug\stdafx.obj
         "Debug\.NETFramework,Version=v4.0.AssemblyAttributes.obj"
         DLLReferencer.vcxproj -> C:\Users\Raphman\Desktop\rest\RestWeb\Debug\DLLReferencer.exe
       Manifest:
         C:\Program Files (x86)\Microsoft SDKs\Windows\v7.0A\bin\mt.exe /nologo /verbose /outputresource:"C:\Users\Raphman\Desktop\rest\RestWeb\Debug\DLLReferencer.exe;#1" /manifest Debug\DLLReferencer.exe.intermediate.manifest
       FinalizeBuildStatus:
         Deleting file "Debug\DLLReferencer.unsuccessfulbuild".
         Touching "Debug\DLLReferencer.lastbuildstate".
     1>Done Building Project "C:\Users\Raphman\Desktop\rest\RestWeb\DLLReferencer\DLLReferencer.vcxproj" (build target(s)).

Build succeeded.

Time Elapsed 00:00:00.99
