Build started 3/29/2012 8:17:09 PM.
     1>Project "C:\Users\Raphman\Desktop\rest\RestWeb\RestWeb\RestWeb.vcxproj" on node 2 (rebuild target(s)).
     1>_PrepareForClean:
         Deleting file "Debug\RestWeb.lastbuildstate".
       InitializeBuildStatus:
         Creating "Debug\RestWeb.unsuccessfulbuild" because "AlwaysCreate" was specified.
       GenerateTargetFrameworkMonikerAttribute:
       Skipping target "GenerateTargetFrameworkMonikerAttribute" because all output files are up-to-date with respect to the input files.
       ClCompile:
         c:\Program Files (x86)\Microsoft Visual Studio 10.0\VC\bin\CL.exe /c /AI"C:\Program Files (x86)\Reference Assemblies\Microsoft\Framework\.NETFramework\v4.0" /Zi /clr /nologo /W3 /WX- /Od /Oy- /D _WINDLL /D _MBCS /EHa /MDd /GS /fp:precise /Zc:wchar_t /Zc:forScope /Fo"Debug\\" /Fd"Debug\vc100.pdb" /TP /analyze- /errorReport:prompt main.cpp /clr:nostdlib 
         main.cpp
     1>main.cpp(49): warning C4101: 'ex' : unreferenced local variable
         c:\Program Files (x86)\Microsoft Visual Studio 10.0\VC\bin\CL.exe /c /Zi /clr /nologo /W3 /WX- /Od /Oy- /D _WINDLL /D _MBCS /EHa /MDd /GS /fp:precise /Zc:wchar_t /Zc:forScope /Fo"Debug\\" /Fd"Debug\vc100.pdb" /TP /analyze- /errorReport:prompt "C:\Users\Raphman\AppData\Local\Temp\.NETFramework,Version=v4.0.AssemblyAttributes.cpp"
         .NETFramework,Version=v4.0.AssemblyAttributes.cpp
       Link:
         c:\Program Files (x86)\Microsoft Visual Studio 10.0\VC\bin\link.exe /ERRORREPORT:PROMPT /OUT:"C:\Users\Raphman\Desktop\rest\RestWeb\Debug\RestWeb.dll" /NOLOGO GLTools.lib kernel32.lib user32.lib gdi32.lib winspool.lib comdlg32.lib advapi32.lib shell32.lib ole32.lib oleaut32.lib uuid.lib odbc32.lib odbccp32.lib /MANIFEST /ManifestFile:"Debug\RestWeb.dll.intermediate.manifest" /MANIFESTUAC:"level='asInvoker' uiAccess='false'" /DEBUG /PDB:"C:\Users\Raphman\Desktop\rest\RestWeb\Debug\RestWeb.pdb" /ASSEMBLYDEBUG /TLBID:1 /DYNAMICBASE /FIXED:NO /NXCOMPAT /MACHINE:X86 /DLL Debug\main.obj
         "Debug\.NETFramework,Version=v4.0.AssemblyAttributes.obj"
            Creating library C:\Users\Raphman\Desktop\rest\RestWeb\Debug\RestWeb.lib and object C:\Users\Raphman\Desktop\rest\RestWeb\Debug\RestWeb.exp
         RestWeb.vcxproj -> C:\Users\Raphman\Desktop\rest\RestWeb\Debug\RestWeb.dll
       Manifest:
         C:\Program Files (x86)\Microsoft SDKs\Windows\v7.0A\bin\mt.exe /nologo /verbose /outputresource:"C:\Users\Raphman\Desktop\rest\RestWeb\Debug\RestWeb.dll;#2" /manifest Debug\RestWeb.dll.intermediate.manifest
       FinalizeBuildStatus:
         Deleting file "Debug\RestWeb.unsuccessfulbuild".
         Touching "Debug\RestWeb.lastbuildstate".
     1>Done Building Project "C:\Users\Raphman\Desktop\rest\RestWeb\RestWeb\RestWeb.vcxproj" (rebuild target(s)).

Build succeeded.

Time Elapsed 00:00:00.98
