C:\USERS\RAPHMAN\DESKTOP\REST\RESTWEB\DEBUG\RESTWEB.DLL
C:\Users\Raphman\Desktop\rest\RestWeb\Debug\RestWeb.exp
C:\USERS\RAPHMAN\DESKTOP\REST\RESTWEB\DEBUG\RESTWEB.ILK
C:\Users\Raphman\Desktop\rest\RestWeb\Debug\RestWeb.lib
C:\USERS\RAPHMAN\DESKTOP\REST\RESTWEB\DEBUG\RESTWEB.PDB
C:\USERS\RAPHMAN\DESKTOP\REST\RESTWEB\RESTWEB\DEBUG\.NETFRAMEWORK,VERSION=V4.0.ASSEMBLYATTRIBUTES.OBJ
C:\Users\Raphman\Desktop\rest\RestWeb\RestWeb\Debug\cl.command.1.tlog
C:\Users\Raphman\Desktop\rest\RestWeb\RestWeb\Debug\CL.read.1.tlog
C:\Users\Raphman\Desktop\rest\RestWeb\RestWeb\Debug\CL.write.1.tlog
C:\Users\Raphman\Desktop\rest\RestWeb\RestWeb\Debug\link.11304.read.1.tlog
C:\Users\Raphman\Desktop\rest\RestWeb\RestWeb\Debug\link.11304.write.1.tlog
C:\Users\Raphman\Desktop\rest\RestWeb\RestWeb\Debug\link.11676.read.1.tlog
C:\Users\Raphman\Desktop\rest\RestWeb\RestWeb\Debug\link.11676.write.1.tlog
C:\Users\Raphman\Desktop\rest\RestWeb\RestWeb\Debug\link.command.1.tlog
C:\Users\Raphman\Desktop\rest\RestWeb\RestWeb\Debug\link.read.1.tlog
C:\Users\Raphman\Desktop\rest\RestWeb\RestWeb\Debug\link.write.1.tlog
C:\USERS\RAPHMAN\DESKTOP\REST\RESTWEB\RESTWEB\DEBUG\MAIN.OBJ
C:\Users\Raphman\Desktop\rest\RestWeb\RestWeb\Debug\mt.command.1.tlog
C:\Users\Raphman\Desktop\rest\RestWeb\RestWeb\Debug\mt.read.1.tlog
C:\Users\Raphman\Desktop\rest\RestWeb\RestWeb\Debug\mt.write.1.tlog
C:\USERS\RAPHMAN\DESKTOP\REST\RESTWEB\RESTWEB\DEBUG\RESTWEB.DLL.INTERMEDIATE.MANIFEST
C:\Users\Raphman\Desktop\rest\RestWeb\RestWeb\Debug\RestWeb.write.1.tlog
C:\USERS\RAPHMAN\DESKTOP\REST\RESTWEB\RESTWEB\DEBUG\VC100.PDB
